<?xml version="1.0" encoding="UTF-8"?>
<testng-results skipped="0" failed="0" ignored="0" total="1" passed="1">
  <reporter-output>
  </reporter-output>
  <suite name="Suite" duration-ms="6602" started-at="2019-10-07T18:05:54 IST" finished-at="2019-10-07T18:06:01 IST">
    <groups>
    </groups>
    <test name="Test" duration-ms="6602" started-at="2019-10-07T18:05:54 IST" finished-at="2019-10-07T18:06:01 IST">
      <class name="Demo.LaunchBrowser">
        <test-method status="PASS" signature="init()[pri:0, instance:Demo.LaunchBrowser@d25987]" name="init" is-config="true" duration-ms="24548" started-at="2019-10-07T18:05:30 IST" finished-at="2019-10-07T18:05:54 IST">
          <reporter-output>
          </reporter-output>
        </test-method> <!-- init -->
        <test-method status="PASS" signature="OpenUrl()[pri:0, instance:Demo.LaunchBrowser@d25987]" name="OpenUrl" duration-ms="5561" started-at="2019-10-07T18:05:55 IST" finished-at="2019-10-07T18:06:01 IST">
          <reporter-output>
          </reporter-output>
        </test-method> <!-- OpenUrl -->
      </class> <!-- Demo.LaunchBrowser -->
    </test> <!-- Test -->
  </suite> <!-- Suite -->
</testng-results>
