<?xml version="1.0" encoding="UTF-8"?>
<testng-results skipped="0" failed="0" ignored="0" total="1" passed="1">
  <reporter-output>
  </reporter-output>
  <suite name="Default suite" duration-ms="2431" started-at="2019-09-26T13:05:03 IST" finished-at="2019-09-26T13:05:06 IST">
    <groups>
    </groups>
    <test name="Default test" duration-ms="2431" started-at="2019-09-26T13:05:03 IST" finished-at="2019-09-26T13:05:06 IST">
      <class name="Demo.LaunchBrowser">
        <test-method status="PASS" signature="init()[pri:0, instance:Demo.LaunchBrowser@1ac631b]" name="init" is-config="true" duration-ms="26996" started-at="2019-09-26T13:04:36 IST" finished-at="2019-09-26T13:05:03 IST">
          <reporter-output>
          </reporter-output>
        </test-method> <!-- init -->
        <test-method status="PASS" signature="OpenUrl()[pri:0, instance:Demo.LaunchBrowser@1ac631b]" name="OpenUrl" duration-ms="2291" started-at="2019-09-26T13:05:03 IST" finished-at="2019-09-26T13:05:06 IST">
          <reporter-output>
          </reporter-output>
        </test-method> <!-- OpenUrl -->
      </class> <!-- Demo.LaunchBrowser -->
    </test> <!-- Default test -->
  </suite> <!-- Default suite -->
</testng-results>
